<?xml version="1.0" encoding="UTF-8"?>
<testng-results skipped="0" failed="0" ignored="0" total="1" passed="1">
  <reporter-output>
  </reporter-output>
  <suite name="Default suite" duration-ms="25" started-at="2020-11-24T14:33:48Z" finished-at="2020-11-24T14:33:48Z">
    <groups>
    </groups>
    <test name="Default test" duration-ms="25" started-at="2020-11-24T14:33:48Z" finished-at="2020-11-24T14:33:48Z">
      <class name="abc.Validate">
        <test-method status="PASS" signature="beforeTest()[pri:0, instance:abc.Validate@215be6bb]" name="beforeTest" is-config="true" duration-ms="8" started-at="2020-11-24T14:33:48Z" finished-at="2020-11-24T14:33:48Z">
          <reporter-output>
          </reporter-output>
        </test-method> <!-- beforeTest -->
        <test-method status="PASS" signature="f()[pri:0, instance:abc.Validate@215be6bb]" name="f" duration-ms="4" started-at="2020-11-24T14:33:48Z" finished-at="2020-11-24T14:33:48Z">
          <reporter-output>
          </reporter-output>
        </test-method> <!-- f -->
        <test-method status="PASS" signature="afterTest()[pri:0, instance:abc.Validate@215be6bb]" name="afterTest" is-config="true" duration-ms="0" started-at="2020-11-24T14:33:48Z" finished-at="2020-11-24T14:33:48Z">
          <reporter-output>
          </reporter-output>
        </test-method> <!-- afterTest -->
      </class> <!-- abc.Validate -->
    </test> <!-- Default test -->
  </suite> <!-- Default suite -->
</testng-results>
